mode: atomic
github.com/sebae/ana/cmd/server/main.go:16.13,18.40 1 0
github.com/sebae/ana/cmd/server/main.go:18.40,20.3 1 0
github.com/sebae/ana/cmd/server/main.go:23.2,24.16 2 0
github.com/sebae/ana/cmd/server/main.go:24.16,26.3 1 0
github.com/sebae/ana/cmd/server/main.go:29.2,34.50 4 0
github.com/sebae/ana/cmd/server/main.go:34.50,36.3 1 0
github.com/sebae/ana/cmd/server/main.go:39.2,48.42 6 0
github.com/sebae/ana/cmd/server/main.go:48.42,50.3 1 0
github.com/sebae/ana/cmd/server/main.go:54.67,57.16 2 0
github.com/sebae/ana/cmd/server/main.go:57.16,59.3 1 0
github.com/sebae/ana/cmd/server/main.go:62.2,62.21 1 0
github.com/sebae/ana/cmd/server/main.go:62.21,85.36 3 0
github.com/sebae/ana/cmd/server/main.go:85.36,86.49 1 0
github.com/sebae/ana/cmd/server/main.go:86.49,88.5 1 0
github.com/sebae/ana/cmd/server/main.go:91.3,91.61 1 0
github.com/sebae/ana/cmd/server/main.go:94.2,94.12 1 0
github.com/sebae/ana/cmd/server/main.go:98.36,131.2 4 0
github.com/sebae/ana/internal/database/db.go:19.15,44.16 5 0
github.com/sebae/ana/internal/database/db.go:44.16,46.3 1 0
github.com/sebae/ana/internal/database/db.go:48.2,53.16 3 0
github.com/sebae/ana/internal/database/db.go:53.16,55.3 1 0
github.com/sebae/ana/internal/database/db.go:59.46,60.48 1 0
github.com/sebae/ana/internal/database/db.go:60.48,62.3 1 0
github.com/sebae/ana/internal/database/db.go:63.2,63.21 1 0
github.com/sebae/ana/internal/models/task.go:24.32,26.2 1 0
github.com/sebae/ana/internal/models/task.go:55.32,61.33 5 0
github.com/sebae/ana/internal/models/task.go:61.33,62.60 1 0
github.com/sebae/ana/internal/models/task.go:62.60,64.4 1 0
github.com/sebae/ana/internal/models/task.go:66.2,66.20 1 0
github.com/sebae/ana/internal/server/router.go:13.42,14.30 1 0
github.com/sebae/ana/internal/server/router.go:14.30,17.66 2 0
github.com/sebae/ana/internal/server/router.go:17.66,20.4 2 0
github.com/sebae/ana/internal/server/router.go:23.3,37.24 7 0
github.com/sebae/ana/internal/server/router.go:37.24,39.4 1 0
github.com/sebae/ana/internal/server/router.go:44.32,51.29 3 0
github.com/sebae/ana/internal/server/router.go:51.29,55.36 4 0
github.com/sebae/ana/internal/server/router.go:55.36,58.4 2 0
github.com/sebae/ana/internal/server/router.go:59.3,59.11 1 0
github.com/sebae/ana/internal/server/router.go:63.2,64.2 2 0
github.com/sebae/ana/internal/server/router.go:64.2,67.3 2 0
github.com/sebae/ana/internal/server/router.go:67.3,73.4 5 0
github.com/sebae/ana/internal/server/router.go:76.3,77.3 2 0
github.com/sebae/ana/internal/server/router.go:77.3,79.4 1 0
github.com/sebae/ana/internal/server/router.go:82.3,83.3 2 0
github.com/sebae/ana/internal/server/router.go:83.3,86.4 1 0
github.com/sebae/ana/internal/server/router.go:90.2,99.34 5 0
github.com/sebae/ana/internal/server/router.go:99.34,101.3 1 0
github.com/sebae/ana/internal/server/router.go:104.2,104.45 1 0
github.com/sebae/ana/internal/server/router.go:104.45,106.3 1 0
github.com/sebae/ana/internal/server/router.go:110.2,110.33 1 0
github.com/sebae/ana/internal/server/router.go:110.33,114.43 2 0
github.com/sebae/ana/internal/server/router.go:114.43,117.4 2 0
github.com/sebae/ana/internal/server/router.go:120.3,120.33 1 0
github.com/sebae/ana/internal/server/router.go:120.33,123.4 2 0
github.com/sebae/ana/internal/server/router.go:126.3,126.29 1 0
github.com/sebae/ana/internal/server/router.go:129.2,129.10 1 0
github.com/sebae/ana/internal/server/router.go:133.35,135.16 2 0
github.com/sebae/ana/internal/server/router.go:135.16,137.3 1 0
github.com/sebae/ana/internal/server/router.go:138.2,139.13 2 0
github.com/sebae/ana/internal/monitoring/metrics.go:152.13,159.2 1 1
github.com/sebae/ana/internal/monitoring/metrics.go:162.50,164.2 1 0
github.com/sebae/ana/internal/monitoring/metrics.go:167.49,169.2 1 1
github.com/sebae/ana/internal/monitoring/metrics.go:172.41,182.41 3 1
github.com/sebae/ana/internal/monitoring/metrics.go:182.41,183.28 1 3
github.com/sebae/ana/internal/monitoring/metrics.go:183.28,185.9 2 1
github.com/sebae/ana/internal/monitoring/metrics.go:189.2,195.4 1 1
github.com/sebae/ana/internal/monitoring/metrics.go:199.61,204.2 3 2
github.com/sebae/ana/internal/monitoring/metrics.go:207.59,212.13 4 4
github.com/sebae/ana/internal/monitoring/metrics.go:212.13,214.3 1 2
github.com/sebae/ana/internal/monitoring/metrics.go:217.2,218.9 2 2
github.com/sebae/ana/internal/monitoring/metrics.go:218.9,220.3 1 0
github.com/sebae/ana/internal/monitoring/metrics.go:222.2,222.27 1 2
github.com/sebae/ana/internal/monitoring/metrics.go:226.35,229.19 2 3
github.com/sebae/ana/internal/monitoring/metrics.go:229.19,236.3 4 1
github.com/sebae/ana/internal/monitoring/metrics.go:239.2,240.13 2 2
github.com/sebae/ana/internal/monitoring/metrics.go:240.13,243.3 2 1
github.com/sebae/ana/internal/monitoring/metrics.go:245.2,245.30 1 1
github.com/sebae/ana/internal/monitoring/metrics.go:249.48,252.2 2 1
github.com/sebae/ana/internal/monitoring/metrics.go:255.94,261.2 1 1
github.com/sebae/ana/internal/monitoring/metrics.go:264.68,270.2 1 2
github.com/sebae/ana/internal/monitoring/metrics.go:273.48,275.2 1 1
github.com/sebae/ana/internal/monitoring/metrics.go:278.49,280.2 1 1
github.com/sebae/ana/internal/monitoring/metrics.go:283.45,285.2 1 1
github.com/sebae/ana/internal/monitoring/metrics.go:288.58,290.12 2 2
github.com/sebae/ana/internal/monitoring/metrics.go:290.12,292.3 1 1
github.com/sebae/ana/internal/monitoring/metrics.go:293.2,293.57 1 2
github.com/sebae/ana/internal/monitoring/metrics.go:297.59,299.2 1 1
github.com/sebae/ana/internal/monitoring/metrics.go:303.26,305.19 2 4
github.com/sebae/ana/internal/monitoring/metrics.go:305.19,307.3 1 1
github.com/sebae/ana/internal/monitoring/metrics.go:308.2,308.16 1 4
github.com/sebae/ana/internal/monitoring/metrics.go:311.30,313.15 2 4
github.com/sebae/ana/internal/monitoring/metrics.go:313.15,315.3 1 1
github.com/sebae/ana/internal/monitoring/metrics.go:316.2,316.12 1 4
github.com/sebae/ana/internal/monitoring/metrics.go:319.28,323.2 1 1
github.com/sebae/ana/internal/monitoring/metrics.go:325.33,329.2 1 1
github.com/sebae/ana/internal/monitoring/metrics.go:331.34,334.41 1 1
github.com/sebae/ana/internal/monitoring/metrics.go:334.41,336.3 1 1
github.com/sebae/ana/internal/monitoring/metrics.go:337.2,337.13 1 0
github.com/sebae/ana/internal/ai/cerebras_client.go:145.42,147.18 2 0
github.com/sebae/ana/internal/ai/cerebras_client.go:147.18,149.3 1 0
github.com/sebae/ana/internal/ai/cerebras_client.go:152.2,178.3 10 0
github.com/sebae/ana/internal/ai/cerebras_client.go:182.78,184.16 2 0
github.com/sebae/ana/internal/ai/cerebras_client.go:184.16,186.3 1 0
github.com/sebae/ana/internal/ai/cerebras_client.go:187.2,187.17 1 0
github.com/sebae/ana/internal/ai/cerebras_client.go:191.63,202.16 3 0
github.com/sebae/ana/internal/ai/cerebras_client.go:202.16,206.32 3 0
github.com/sebae/ana/internal/ai/cerebras_client.go:206.32,208.4 1 0
github.com/sebae/ana/internal/ai/cerebras_client.go:209.3,209.13 1 0
github.com/sebae/ana/internal/ai/cerebras_client.go:212.2,213.36 2 0
github.com/sebae/ana/internal/ai/cerebras_client.go:217.93,218.28 1 0
github.com/sebae/ana/internal/ai/cerebras_client.go:218.28,220.3 1 0
github.com/sebae/ana/internal/ai/cerebras_client.go:222.2,227.49 4 0
github.com/sebae/ana/internal/ai/cerebras_client.go:227.49,228.39 1 0
github.com/sebae/ana/internal/ai/cerebras_client.go:228.39,229.24 1 0
github.com/sebae/ana/internal/ai/cerebras_client.go:229.24,231.5 1 0
github.com/sebae/ana/internal/ai/cerebras_client.go:232.4,232.32 1 0
github.com/sebae/ana/internal/ai/cerebras_client.go:236.2,236.22 1 0
github.com/sebae/ana/internal/ai/cerebras_client.go:236.22,238.3 1 0
github.com/sebae/ana/internal/ai/cerebras_client.go:239.2,239.18 1 0
github.com/sebae/ana/internal/ai/cerebras_client.go:243.95,244.28 1 0
github.com/sebae/ana/internal/ai/cerebras_client.go:244.28,246.3 1 0
github.com/sebae/ana/internal/ai/cerebras_client.go:248.2,259.24 5 0
github.com/sebae/ana/internal/ai/cerebras_client.go:259.24,261.3 1 0
github.com/sebae/ana/internal/ai/cerebras_client.go:265.46,267.35 2 0
github.com/sebae/ana/internal/ai/cerebras_client.go:267.35,268.31 1 0
github.com/sebae/ana/internal/ai/cerebras_client.go:268.31,270.4 1 0
github.com/sebae/ana/internal/ai/cerebras_client.go:277.43,279.24 1 0
github.com/sebae/ana/internal/ai/cerebras_client.go:279.24,281.3 1 0
github.com/sebae/ana/internal/ai/cerebras_client.go:284.2,285.42 2 0
github.com/sebae/ana/internal/ai/cerebras_client.go:285.42,286.33 1 0
github.com/sebae/ana/internal/ai/cerebras_client.go:286.33,288.9 2 0
github.com/sebae/ana/internal/ai/cerebras_client.go:292.2,292.26 1 0
github.com/sebae/ana/internal/ai/cerebras_client.go:292.26,294.3 1 0
github.com/sebae/ana/internal/ai/cerebras_client.go:296.2,306.47 3 0
github.com/sebae/ana/internal/ai/cerebras_client.go:306.47,307.58 1 0
github.com/sebae/ana/internal/ai/cerebras_client.go:307.58,309.4 1 0
github.com/sebae/ana/internal/ai/cerebras_client.go:312.2,312.13 1 0
github.com/sebae/ana/internal/ai/cerebras_client.go:316.54,320.27 3 0
github.com/sebae/ana/internal/ai/cerebras_client.go:320.27,321.52 1 0
github.com/sebae/ana/internal/ai/cerebras_client.go:321.52,323.4 1 0
github.com/sebae/ana/internal/ai/cerebras_client.go:326.2,326.12 1 0
github.com/sebae/ana/internal/ai/cerebras_client.go:330.42,336.2 4 0
github.com/sebae/ana/internal/ai/cerebras_client.go:339.42,346.66 5 0
github.com/sebae/ana/internal/ai/cerebras_client.go:346.66,351.3 3 0
github.com/sebae/ana/internal/ai/cerebras_client.go:355.126,356.20 1 3
github.com/sebae/ana/internal/ai/cerebras_client.go:356.20,358.3 1 1
github.com/sebae/ana/internal/ai/cerebras_client.go:361.2,376.16 4 2
github.com/sebae/ana/internal/ai/cerebras_client.go:376.16,378.3 1 0
github.com/sebae/ana/internal/ai/cerebras_client.go:381.2,382.16 2 2
github.com/sebae/ana/internal/ai/cerebras_client.go:382.16,384.3 1 0
github.com/sebae/ana/internal/ai/cerebras_client.go:387.2,392.16 4 2
github.com/sebae/ana/internal/ai/cerebras_client.go:392.16,394.3 1 0
github.com/sebae/ana/internal/ai/cerebras_client.go:397.2,398.16 2 2
github.com/sebae/ana/internal/ai/cerebras_client.go:398.16,400.3 1 0
github.com/sebae/ana/internal/ai/cerebras_client.go:401.2,405.16 3 2
github.com/sebae/ana/internal/ai/cerebras_client.go:405.16,407.3 1 0
github.com/sebae/ana/internal/ai/cerebras_client.go:409.2,409.38 1 2
github.com/sebae/ana/internal/ai/cerebras_client.go:409.38,413.26 2 1
github.com/sebae/ana/internal/ai/cerebras_client.go:414.32,415.130 1 1
github.com/sebae/ana/internal/ai/cerebras_client.go:416.29,417.117 1 0
github.com/sebae/ana/internal/ai/cerebras_client.go:418.35,419.128 1 0
github.com/sebae/ana/internal/ai/cerebras_client.go:420.38,421.124 1 0
github.com/sebae/ana/internal/ai/cerebras_client.go:422.11,423.135 1 0
github.com/sebae/ana/internal/ai/cerebras_client.go:427.2,428.66 2 1
github.com/sebae/ana/internal/ai/cerebras_client.go:428.66,430.3 1 0
github.com/sebae/ana/internal/ai/cerebras_client.go:432.2,432.42 1 1
github.com/sebae/ana/internal/ai/cerebras_client.go:432.42,434.3 1 0
github.com/sebae/ana/internal/ai/cerebras_client.go:436.2,436.59 1 1
github.com/sebae/ana/internal/ai/cerebras_client.go:440.134,441.20 1 3
github.com/sebae/ana/internal/ai/cerebras_client.go:441.20,443.3 1 1
github.com/sebae/ana/internal/ai/cerebras_client.go:445.2,445.23 1 2
github.com/sebae/ana/internal/ai/cerebras_client.go:445.23,447.3 1 1
github.com/sebae/ana/internal/ai/cerebras_client.go:450.2,451.26 2 1
github.com/sebae/ana/internal/ai/cerebras_client.go:451.26,453.3 1 1
github.com/sebae/ana/internal/ai/cerebras_client.go:456.2,479.16 5 1
github.com/sebae/ana/internal/ai/cerebras_client.go:479.16,481.3 1 0
github.com/sebae/ana/internal/ai/cerebras_client.go:484.2,485.16 2 1
github.com/sebae/ana/internal/ai/cerebras_client.go:485.16,487.3 1 0
github.com/sebae/ana/internal/ai/cerebras_client.go:490.2,495.16 4 1
github.com/sebae/ana/internal/ai/cerebras_client.go:495.16,497.3 1 0
github.com/sebae/ana/internal/ai/cerebras_client.go:500.2,501.16 2 1
github.com/sebae/ana/internal/ai/cerebras_client.go:501.16,503.3 1 0
github.com/sebae/ana/internal/ai/cerebras_client.go:504.2,508.16 3 1
github.com/sebae/ana/internal/ai/cerebras_client.go:508.16,510.3 1 0
github.com/sebae/ana/internal/ai/cerebras_client.go:512.2,512.38 1 1
github.com/sebae/ana/internal/ai/cerebras_client.go:512.38,516.26 2 0
github.com/sebae/ana/internal/ai/cerebras_client.go:517.32,518.122 1 0
github.com/sebae/ana/internal/ai/cerebras_client.go:519.29,520.114 1 0
github.com/sebae/ana/internal/ai/cerebras_client.go:521.35,522.137 1 0
github.com/sebae/ana/internal/ai/cerebras_client.go:523.38,524.120 1 0
github.com/sebae/ana/internal/ai/cerebras_client.go:525.41,526.106 1 0
github.com/sebae/ana/internal/ai/cerebras_client.go:527.11,528.136 1 0
github.com/sebae/ana/internal/ai/cerebras_client.go:532.2,533.66 2 1
github.com/sebae/ana/internal/ai/cerebras_client.go:533.66,535.3 1 0
github.com/sebae/ana/internal/ai/cerebras_client.go:537.2,537.42 1 1
github.com/sebae/ana/internal/ai/cerebras_client.go:537.42,539.3 1 0
github.com/sebae/ana/internal/ai/cerebras_client.go:541.2,541.59 1 1
github.com/sebae/ana/internal/ai/cerebras_client.go:546.117,548.2 1 0
github.com/sebae/ana/internal/ai/cerebras_client.go:551.46,552.48 1 0
github.com/sebae/ana/internal/ai/cerebras_client.go:552.48,554.3 1 0
github.com/sebae/ana/internal/ai/cerebras_client.go:555.2,555.21 1 0
github.com/sebae/ana/internal/ai/cerebras_client.go:559.48,560.20 1 0
github.com/sebae/ana/internal/ai/cerebras_client.go:560.20,562.3 1 0
github.com/sebae/ana/internal/ai/cerebras_client.go:563.2,563.13 1 0
github.com/sebae/ana/internal/ai/cerebras_client.go:567.45,571.2 3 0
github.com/sebae/ana/internal/ai/cerebras_client.go:574.51,578.27 3 0
github.com/sebae/ana/internal/ai/cerebras_client.go:578.27,580.3 1 0
github.com/sebae/ana/internal/ai/cerebras_client.go:581.2,581.17 1 0
github.com/sebae/ana/internal/database/db.go:19.15,44.16 5 0
github.com/sebae/ana/internal/database/db.go:44.16,46.3 1 0
github.com/sebae/ana/internal/database/db.go:48.2,53.16 3 0
github.com/sebae/ana/internal/database/db.go:53.16,55.3 1 0
github.com/sebae/ana/internal/database/db.go:59.46,60.48 1 0
github.com/sebae/ana/internal/database/db.go:60.48,62.3 1 0
github.com/sebae/ana/internal/database/db.go:63.2,63.21 1 0
github.com/sebae/ana/internal/handlers/ai_cerebras_handler.go:63.44,67.2 1 1
github.com/sebae/ana/internal/handlers/ai_cerebras_handler.go:70.63,75.13 4 0
github.com/sebae/ana/internal/handlers/ai_cerebras_handler.go:75.13,81.3 4 0
github.com/sebae/ana/internal/handlers/ai_cerebras_handler.go:83.2,83.16 1 0
github.com/sebae/ana/internal/handlers/ai_cerebras_handler.go:101.49,109.2 4 0
github.com/sebae/ana/internal/handlers/ai_cerebras_handler.go:112.40,117.43 2 0
github.com/sebae/ana/internal/handlers/ai_cerebras_handler.go:117.43,119.3 1 0
github.com/sebae/ana/internal/handlers/ai_cerebras_handler.go:121.2,126.4 1 0
github.com/sebae/ana/internal/handlers/ai_cerebras_handler.go:130.39,136.23 5 0
github.com/sebae/ana/internal/handlers/ai_cerebras_handler.go:136.23,138.3 1 0
github.com/sebae/ana/internal/handlers/ai_cerebras_handler.go:140.2,141.22 2 0
github.com/sebae/ana/internal/handlers/ai_cerebras_handler.go:141.22,143.3 1 0
github.com/sebae/ana/internal/handlers/ai_cerebras_handler.go:145.2,152.4 1 0
github.com/sebae/ana/internal/handlers/ai_cerebras_handler.go:156.72,163.15 5 0
github.com/sebae/ana/internal/handlers/ai_cerebras_handler.go:163.15,165.3 1 0
github.com/sebae/ana/internal/handlers/ai_cerebras_handler.go:165.8,167.3 1 0
github.com/sebae/ana/internal/handlers/ai_cerebras_handler.go:169.2,169.13 1 0
github.com/sebae/ana/internal/handlers/ai_cerebras_handler.go:169.13,171.3 1 0
github.com/sebae/ana/internal/handlers/ai_cerebras_handler.go:175.30,178.58 2 0
github.com/sebae/ana/internal/handlers/ai_cerebras_handler.go:178.58,180.3 1 0
github.com/sebae/ana/internal/handlers/ai_cerebras_handler.go:181.2,181.12 1 0
github.com/sebae/ana/internal/handlers/ai_cerebras_handler.go:186.46,194.22 6 0
github.com/sebae/ana/internal/handlers/ai_cerebras_handler.go:194.22,202.3 5 0
github.com/sebae/ana/internal/handlers/ai_cerebras_handler.go:204.2,205.47 2 0
github.com/sebae/ana/internal/handlers/ai_cerebras_handler.go:205.47,209.3 3 0
github.com/sebae/ana/internal/handlers/ai_cerebras_handler.go:212.2,215.21 3 0
github.com/sebae/ana/internal/handlers/ai_cerebras_handler.go:215.21,217.3 1 0
github.com/sebae/ana/internal/handlers/ai_cerebras_handler.go:220.2,224.60 3 0
github.com/sebae/ana/internal/handlers/ai_cerebras_handler.go:224.60,229.3 3 0
github.com/sebae/ana/internal/handlers/ai_cerebras_handler.go:232.2,235.56 3 0
github.com/sebae/ana/internal/handlers/ai_cerebras_handler.go:235.56,237.17 2 0
github.com/sebae/ana/internal/handlers/ai_cerebras_handler.go:237.17,241.4 3 0
github.com/sebae/ana/internal/handlers/ai_cerebras_handler.go:242.3,246.17 3 0
github.com/sebae/ana/internal/handlers/ai_cerebras_handler.go:246.17,250.4 3 0
github.com/sebae/ana/internal/handlers/ai_cerebras_handler.go:253.3,253.35 1 0
github.com/sebae/ana/internal/handlers/ai_cerebras_handler.go:253.35,257.4 3 0
github.com/sebae/ana/internal/handlers/ai_cerebras_handler.go:260.3,262.77 3 0
github.com/sebae/ana/internal/handlers/ai_cerebras_handler.go:263.8,263.63 1 0
github.com/sebae/ana/internal/handlers/ai_cerebras_handler.go:263.63,267.3 1 0
github.com/sebae/ana/internal/handlers/ai_cerebras_handler.go:270.2,275.15 4 0
github.com/sebae/ana/internal/handlers/ai_cerebras_handler.go:275.15,279.3 3 0
github.com/sebae/ana/internal/handlers/ai_cerebras_handler.go:282.2,283.32 2 0
github.com/sebae/ana/internal/handlers/ai_cerebras_handler.go:283.32,284.15 1 0
github.com/sebae/ana/internal/handlers/ai_cerebras_handler.go:284.15,286.18 2 0
github.com/sebae/ana/internal/handlers/ai_cerebras_handler.go:286.18,288.5 1 0
github.com/sebae/ana/internal/handlers/ai_cerebras_handler.go:289.9,291.4 1 0
github.com/sebae/ana/internal/handlers/ai_cerebras_handler.go:295.2,312.61 3 0
github.com/sebae/ana/internal/handlers/ai_cerebras_handler.go:312.61,322.3 5 0
github.com/sebae/ana/internal/handlers/ai_cerebras_handler.go:325.2,328.44 3 0
github.com/sebae/ana/internal/handlers/ai_cerebras_handler.go:328.44,332.17 2 0
github.com/sebae/ana/internal/handlers/ai_cerebras_handler.go:332.17,340.50 4 0
github.com/sebae/ana/internal/handlers/ai_cerebras_handler.go:340.50,342.5 1 0
github.com/sebae/ana/internal/handlers/ai_cerebras_handler.go:342.10,342.66 1 0
github.com/sebae/ana/internal/handlers/ai_cerebras_handler.go:342.66,344.5 1 0
github.com/sebae/ana/internal/handlers/ai_cerebras_handler.go:344.10,344.55 1 0
github.com/sebae/ana/internal/handlers/ai_cerebras_handler.go:344.55,346.5 1 0
github.com/sebae/ana/internal/handlers/ai_cerebras_handler.go:348.4,353.10 4 0
github.com/sebae/ana/internal/handlers/ai_cerebras_handler.go:357.3,357.33 1 0
github.com/sebae/ana/internal/handlers/ai_cerebras_handler.go:358.8,361.33 2 0
github.com/sebae/ana/internal/handlers/ai_cerebras_handler.go:361.33,363.4 1 0
github.com/sebae/ana/internal/handlers/ai_cerebras_handler.go:366.3,367.15 2 0
github.com/sebae/ana/internal/handlers/ai_cerebras_handler.go:367.15,371.4 3 0
github.com/sebae/ana/internal/handlers/ai_cerebras_handler.go:371.9,374.18 2 0
github.com/sebae/ana/internal/handlers/ai_cerebras_handler.go:374.18,382.49 4 0
github.com/sebae/ana/internal/handlers/ai_cerebras_handler.go:382.49,384.6 1 0
github.com/sebae/ana/internal/handlers/ai_cerebras_handler.go:384.11,384.59 1 0
github.com/sebae/ana/internal/handlers/ai_cerebras_handler.go:384.59,386.6 1 0
github.com/sebae/ana/internal/handlers/ai_cerebras_handler.go:386.11,386.63 1 0
github.com/sebae/ana/internal/handlers/ai_cerebras_handler.go:386.63,388.6 1 0
github.com/sebae/ana/internal/handlers/ai_cerebras_handler.go:390.5,395.11 4 0
github.com/sebae/ana/internal/handlers/ai_cerebras_handler.go:399.4,402.34 2 0
github.com/sebae/ana/internal/handlers/ai_cerebras_handler.go:407.2,407.36 1 0
github.com/sebae/ana/internal/handlers/ai_cerebras_handler.go:407.36,414.30 4 0
github.com/sebae/ana/internal/handlers/ai_cerebras_handler.go:414.30,416.53 2 0
github.com/sebae/ana/internal/handlers/ai_cerebras_handler.go:416.53,421.40 1 0
github.com/sebae/ana/internal/handlers/ai_cerebras_handler.go:421.40,424.6 2 0
github.com/sebae/ana/internal/handlers/ai_cerebras_handler.go:427.3,427.34 1 0
github.com/sebae/ana/internal/handlers/ai_cerebras_handler.go:430.2,438.4 3 0
github.com/sebae/ana/internal/handlers/task.go:17.31,19.16 2 0
github.com/sebae/ana/internal/handlers/task.go:19.16,23.3 3 0
github.com/sebae/ana/internal/handlers/task.go:25.2,25.30 1 0
github.com/sebae/ana/internal/handlers/task.go:29.34,32.16 3 0
github.com/sebae/ana/internal/handlers/task.go:32.16,35.3 2 0
github.com/sebae/ana/internal/handlers/task.go:37.2,38.16 2 0
github.com/sebae/ana/internal/handlers/task.go:38.16,42.3 3 0
github.com/sebae/ana/internal/handlers/task.go:44.2,44.29 1 0
github.com/sebae/ana/internal/handlers/task.go:48.33,50.51 2 0
github.com/sebae/ana/internal/handlers/task.go:50.51,53.3 2 0
github.com/sebae/ana/internal/handlers/task.go:56.2,56.50 1 0
github.com/sebae/ana/internal/handlers/task.go:56.50,60.3 3 0
github.com/sebae/ana/internal/handlers/task.go:62.2,62.37 1 0
github.com/sebae/ana/internal/handlers/task.go:66.33,69.16 3 0
github.com/sebae/ana/internal/handlers/task.go:69.16,72.3 2 0
github.com/sebae/ana/internal/handlers/task.go:75.2,76.16 2 0
github.com/sebae/ana/internal/handlers/task.go:76.16,80.3 3 0
github.com/sebae/ana/internal/handlers/task.go:83.2,83.56 1 0
github.com/sebae/ana/internal/handlers/task.go:83.56,86.3 2 0
github.com/sebae/ana/internal/handlers/task.go:89.2,92.55 2 0
github.com/sebae/ana/internal/handlers/task.go:92.55,96.3 3 0
github.com/sebae/ana/internal/handlers/task.go:98.2,98.37 1 0
github.com/sebae/ana/internal/handlers/task.go:102.33,105.16 3 0
github.com/sebae/ana/internal/handlers/task.go:105.16,108.3 2 0
github.com/sebae/ana/internal/handlers/task.go:111.2,112.16 2 0
github.com/sebae/ana/internal/handlers/task.go:112.16,116.3 3 0
github.com/sebae/ana/internal/handlers/task.go:119.2,119.50 1 0
github.com/sebae/ana/internal/handlers/task.go:119.50,123.3 3 0
github.com/sebae/ana/internal/handlers/task.go:125.2,125.70 1 0
github.com/sebae/ana/internal/handlers/task.go:129.39,131.16 2 0
github.com/sebae/ana/internal/handlers/task.go:131.16,135.3 3 0
github.com/sebae/ana/internal/handlers/task.go:137.2,137.36 1 0
github.com/sebae/ana/internal/models/task.go:24.32,26.2 1 0
github.com/sebae/ana/internal/models/task.go:55.32,61.33 5 0
github.com/sebae/ana/internal/models/task.go:61.33,62.60 1 0
github.com/sebae/ana/internal/models/task.go:62.60,64.4 1 0
github.com/sebae/ana/internal/models/task.go:66.2,66.20 1 0
github.com/sebae/ana/internal/database/db.go:19.15,44.16 5 0
github.com/sebae/ana/internal/database/db.go:44.16,46.3 1 0
github.com/sebae/ana/internal/database/db.go:48.2,53.16 3 0
github.com/sebae/ana/internal/database/db.go:53.16,55.3 1 0
github.com/sebae/ana/internal/database/db.go:59.46,60.48 1 0
github.com/sebae/ana/internal/database/db.go:60.48,62.3 1 0
github.com/sebae/ana/internal/database/db.go:63.2,63.21 1 0
github.com/sebae/ana/internal/models/task.go:24.32,26.2 1 8
github.com/sebae/ana/internal/models/task.go:55.32,61.33 5 0
github.com/sebae/ana/internal/models/task.go:61.33,62.60 1 0
github.com/sebae/ana/internal/models/task.go:62.60,64.4 1 0
github.com/sebae/ana/internal/models/task.go:66.2,66.20 1 0
github.com/sebae/ana/internal/repositories/task_repository.go:15.42,17.2 1 8
github.com/sebae/ana/internal/repositories/task_repository.go:20.59,24.2 3 1
github.com/sebae/ana/internal/repositories/task_repository.go:27.65,31.2 3 4
github.com/sebae/ana/internal/repositories/task_repository.go:34.58,36.2 1 12
github.com/sebae/ana/internal/repositories/task_repository.go:39.58,41.2 1 1
github.com/sebae/ana/internal/repositories/task_repository.go:44.48,46.2 1 1
github.com/sebae/ana/internal/repositories/task_repository.go:49.69,57.2 6 1
